{
  "uid" : "90a2cbfd1f41c6c5",
  "name" : "test_login[daido2-daido002-ログアウト]",
  "fullName" : "TestCases.test_1_loginCase.TestLogin#test_login",
  "historyId" : "671dc435bdb2eb7f12b27aa1332469c6",
  "time" : {
    "start" : 1601430976576,
    "stop" : 1601431197575,
    "duration" : 220999
  },
  "status" : "failed",
  "statusMessage" : "AssertionError: 登录成功, 断言成功\nassert 'ログアウト' in 'ログイン'",
  "statusTrace" : "self = <TestCases.test_1_loginCase.TestLogin object at 0x00000237544DFEB0>\nopen_url = <Page.PageObject.LoginPage.LoginPage object at 0x0000023754491DF0>\nusername = 'daido2', password = 'daido002', expect = 'ログアウト'\n\n    @pytest.mark.parametrize('username, password, expect', login_data.login_success_data)\n    def test_login(self, open_url, username, password, expect):\n        login_page = open_url\n        login_page.login(username, password)\n        time.sleep(5)\n        actual = login_page.get_login_success_account()\n    \n>       assert expect in actual, \"登录成功, 断言成功\"\nE       AssertionError: 登录成功, 断言成功\nE       assert 'ログアウト' in 'ログイン'\n\nTestCases\\test_1_loginCase.py:48: AssertionError",
  "flaky" : false,
  "newFailed" : false,
  "beforeStages" : [ {
    "name" : "open_url",
    "time" : {
      "start" : 1601430976576,
      "stop" : 1601430976576,
      "duration" : 0
    },
    "status" : "passed",
    "steps" : [ ],
    "attachments" : [ ],
    "parameters" : [ ],
    "shouldDisplayMessage" : false,
    "attachmentsCount" : 0,
    "stepsCount" : 0,
    "hasContent" : false
  }, {
    "name" : "driver",
    "time" : {
      "start" : 1601430876527,
      "stop" : 1601430881799,
      "duration" : 5272
    },
    "status" : "passed",
    "steps" : [ ],
    "attachments" : [ ],
    "parameters" : [ ],
    "shouldDisplayMessage" : false,
    "attachmentsCount" : 0,
    "stepsCount" : 0,
    "hasContent" : false
  }, {
    "name" : "ini_pages",
    "time" : {
      "start" : 1601430881799,
      "stop" : 1601430881800,
      "duration" : 1
    },
    "status" : "passed",
    "steps" : [ ],
    "attachments" : [ ],
    "parameters" : [ ],
    "shouldDisplayMessage" : false,
    "attachmentsCount" : 0,
    "stepsCount" : 0,
    "hasContent" : false
  } ],
  "testStage" : {
    "status" : "failed",
    "statusMessage" : "AssertionError: 登录成功, 断言成功\nassert 'ログアウト' in 'ログイン'",
    "statusTrace" : "self = <TestCases.test_1_loginCase.TestLogin object at 0x00000237544DFEB0>\nopen_url = <Page.PageObject.LoginPage.LoginPage object at 0x0000023754491DF0>\nusername = 'daido2', password = 'daido002', expect = 'ログアウト'\n\n    @pytest.mark.parametrize('username, password, expect', login_data.login_success_data)\n    def test_login(self, open_url, username, password, expect):\n        login_page = open_url\n        login_page.login(username, password)\n        time.sleep(5)\n        actual = login_page.get_login_success_account()\n    \n>       assert expect in actual, \"登录成功, 断言成功\"\nE       AssertionError: 登录成功, 断言成功\nE       assert 'ログアウト' in 'ログイン'\n\nTestCases\\test_1_loginCase.py:48: AssertionError",
    "steps" : [ {
      "name" : "添加失败截图...",
      "time" : {
        "start" : 1601431198337,
        "stop" : 1601431198606,
        "duration" : 269
      },
      "status" : "passed",
      "steps" : [ ],
      "attachments" : [ {
        "uid" : "a18e2205f4890446",
        "name" : "失败截图",
        "source" : "a18e2205f4890446.png",
        "type" : "image/png",
        "size" : 37139
      } ],
      "parameters" : [ ],
      "shouldDisplayMessage" : false,
      "attachmentsCount" : 1,
      "stepsCount" : 0,
      "hasContent" : true
    } ],
    "attachments" : [ {
      "uid" : "64cc98a0b1cc5897",
      "name" : "stdout",
      "source" : "64cc98a0b1cc5897.txt",
      "type" : "text/plain",
      "size" : 1559
    } ],
    "parameters" : [ ],
    "shouldDisplayMessage" : true,
    "attachmentsCount" : 2,
    "stepsCount" : 1,
    "hasContent" : true
  },
  "afterStages" : [ {
    "name" : "open_url::0",
    "time" : {
      "start" : 1601431198612,
      "stop" : 1601431198632,
      "duration" : 20
    },
    "status" : "passed",
    "steps" : [ ],
    "attachments" : [ ],
    "parameters" : [ ],
    "shouldDisplayMessage" : false,
    "attachmentsCount" : 0,
    "stepsCount" : 0,
    "hasContent" : false
  }, {
    "name" : "driver::0",
    "time" : {
      "start" : 1601431209678,
      "stop" : 1601431211838,
      "duration" : 2160
    },
    "status" : "passed",
    "steps" : [ ],
    "attachments" : [ ],
    "parameters" : [ ],
    "shouldDisplayMessage" : false,
    "attachmentsCount" : 0,
    "stepsCount" : 0,
    "hasContent" : false
  }, {
    "name" : "ini_pages::0",
    "time" : {
      "start" : 1601431209676,
      "stop" : 1601431209676,
      "duration" : 0
    },
    "status" : "passed",
    "steps" : [ ],
    "attachments" : [ ],
    "parameters" : [ ],
    "shouldDisplayMessage" : false,
    "attachmentsCount" : 0,
    "stepsCount" : 0,
    "hasContent" : false
  } ],
  "labels" : [ {
    "name" : "tag",
    "value" : "Test1"
  }, {
    "name" : "parentSuite",
    "value" : "TestCases"
  }, {
    "name" : "suite",
    "value" : "test_1_loginCase"
  }, {
    "name" : "subSuite",
    "value" : "TestLogin"
  }, {
    "name" : "host",
    "value" : "HPTSJ003"
  }, {
    "name" : "thread",
    "value" : "8700-MainThread"
  }, {
    "name" : "framework",
    "value" : "pytest"
  }, {
    "name" : "language",
    "value" : "cpython3"
  }, {
    "name" : "package",
    "value" : "TestCases.test_1_loginCase"
  }, {
    "name" : "resultFormat",
    "value" : "allure2"
  } ],
  "parameters" : [ {
    "name" : "expect",
    "value" : "'ログアウト'"
  }, {
    "name" : "password",
    "value" : "'daido002'"
  }, {
    "name" : "username",
    "value" : "'daido2'"
  } ],
  "links" : [ ],
  "hidden" : true,
  "retry" : true,
  "extra" : {
    "categories" : [ ],
    "tags" : [ "Test1" ]
  },
  "source" : "90a2cbfd1f41c6c5.json",
  "parameterValues" : [ "'ログアウト'", "'daido002'", "'daido2'" ]
}