{
  "uid" : "b82cc4b1a2491b35",
  "name" : "test_login[daido2-daido002-ログアウト]",
  "fullName" : "TestCases.test_1_loginCase.TestLogin#test_login",
  "historyId" : "671dc435bdb2eb7f12b27aa1332469c6",
  "time" : {
    "start" : 1601430542850,
    "stop" : 1601430762269,
    "duration" : 219419
  },
  "status" : "failed",
  "statusMessage" : "AssertionError: 登录成功, 断言成功\nassert 'ログアウト' in 'ログイン'",
  "statusTrace" : "self = <TestCases.test_1_loginCase.TestLogin object at 0x0000018716349160>\nopen_url = <Page.PageObject.LoginPage.LoginPage object at 0x0000018716321D90>\nusername = 'daido2', password = 'daido002', expect = 'ログアウト'\n\n    @pytest.mark.parametrize('username, password, expect', login_data.login_success_data)\n    def test_login(self, open_url, username, password, expect):\n        login_page = open_url\n        login_page.login(username, password)\n        time.sleep(5)\n        actual = login_page.get_login_success_account()\n    \n>       assert expect in actual, \"登录成功, 断言成功\"\nE       AssertionError: 登录成功, 断言成功\nE       assert 'ログアウト' in 'ログイン'\n\nTestCases\\test_1_loginCase.py:48: AssertionError",
  "flaky" : false,
  "newFailed" : false,
  "beforeStages" : [ {
    "name" : "ini_pages",
    "time" : {
      "start" : 1601430455795,
      "stop" : 1601430455795,
      "duration" : 0
    },
    "status" : "passed",
    "steps" : [ ],
    "attachments" : [ ],
    "parameters" : [ ],
    "shouldDisplayMessage" : false,
    "attachmentsCount" : 0,
    "stepsCount" : 0,
    "hasContent" : false
  }, {
    "name" : "driver",
    "time" : {
      "start" : 1601430450573,
      "stop" : 1601430455795,
      "duration" : 5222
    },
    "status" : "passed",
    "steps" : [ ],
    "attachments" : [ ],
    "parameters" : [ ],
    "shouldDisplayMessage" : false,
    "attachmentsCount" : 0,
    "stepsCount" : 0,
    "hasContent" : false
  }, {
    "name" : "open_url",
    "time" : {
      "start" : 1601430542849,
      "stop" : 1601430542849,
      "duration" : 0
    },
    "status" : "passed",
    "steps" : [ ],
    "attachments" : [ ],
    "parameters" : [ ],
    "shouldDisplayMessage" : false,
    "attachmentsCount" : 0,
    "stepsCount" : 0,
    "hasContent" : false
  } ],
  "testStage" : {
    "status" : "failed",
    "statusMessage" : "AssertionError: 登录成功, 断言成功\nassert 'ログアウト' in 'ログイン'",
    "statusTrace" : "self = <TestCases.test_1_loginCase.TestLogin object at 0x0000018716349160>\nopen_url = <Page.PageObject.LoginPage.LoginPage object at 0x0000018716321D90>\nusername = 'daido2', password = 'daido002', expect = 'ログアウト'\n\n    @pytest.mark.parametrize('username, password, expect', login_data.login_success_data)\n    def test_login(self, open_url, username, password, expect):\n        login_page = open_url\n        login_page.login(username, password)\n        time.sleep(5)\n        actual = login_page.get_login_success_account()\n    \n>       assert expect in actual, \"登录成功, 断言成功\"\nE       AssertionError: 登录成功, 断言成功\nE       assert 'ログアウト' in 'ログイン'\n\nTestCases\\test_1_loginCase.py:48: AssertionError",
    "steps" : [ {
      "name" : "添加失败截图...",
      "time" : {
        "start" : 1601430763340,
        "stop" : 1601430763911,
        "duration" : 571
      },
      "status" : "passed",
      "steps" : [ ],
      "attachments" : [ {
        "uid" : "b30f86b2a3ac58de",
        "name" : "失败截图",
        "source" : "b30f86b2a3ac58de.png",
        "type" : "image/png",
        "size" : 1021353
      } ],
      "parameters" : [ ],
      "shouldDisplayMessage" : false,
      "attachmentsCount" : 1,
      "stepsCount" : 0,
      "hasContent" : true
    } ],
    "attachments" : [ {
      "uid" : "82aab9738f3d2227",
      "name" : "stdout",
      "source" : "82aab9738f3d2227.txt",
      "type" : "text/plain",
      "size" : 1543
    } ],
    "parameters" : [ ],
    "shouldDisplayMessage" : true,
    "attachmentsCount" : 2,
    "stepsCount" : 1,
    "hasContent" : true
  },
  "afterStages" : [ {
    "name" : "ini_pages::0",
    "time" : {
      "start" : 1601430772853,
      "stop" : 1601430772853,
      "duration" : 0
    },
    "status" : "passed",
    "steps" : [ ],
    "attachments" : [ ],
    "parameters" : [ ],
    "shouldDisplayMessage" : false,
    "attachmentsCount" : 0,
    "stepsCount" : 0,
    "hasContent" : false
  }, {
    "name" : "driver::0",
    "time" : {
      "start" : 1601430772855,
      "stop" : 1601430775018,
      "duration" : 2163
    },
    "status" : "passed",
    "steps" : [ ],
    "attachments" : [ ],
    "parameters" : [ ],
    "shouldDisplayMessage" : false,
    "attachmentsCount" : 0,
    "stepsCount" : 0,
    "hasContent" : false
  }, {
    "name" : "open_url::0",
    "time" : {
      "start" : 1601430763917,
      "stop" : 1601430763943,
      "duration" : 26
    },
    "status" : "passed",
    "steps" : [ ],
    "attachments" : [ ],
    "parameters" : [ ],
    "shouldDisplayMessage" : false,
    "attachmentsCount" : 0,
    "stepsCount" : 0,
    "hasContent" : false
  } ],
  "labels" : [ {
    "name" : "tag",
    "value" : "Test1"
  }, {
    "name" : "parentSuite",
    "value" : "TestCases"
  }, {
    "name" : "suite",
    "value" : "test_1_loginCase"
  }, {
    "name" : "subSuite",
    "value" : "TestLogin"
  }, {
    "name" : "host",
    "value" : "HPTSJ003"
  }, {
    "name" : "thread",
    "value" : "19836-MainThread"
  }, {
    "name" : "framework",
    "value" : "pytest"
  }, {
    "name" : "language",
    "value" : "cpython3"
  }, {
    "name" : "package",
    "value" : "TestCases.test_1_loginCase"
  }, {
    "name" : "resultFormat",
    "value" : "allure2"
  } ],
  "parameters" : [ {
    "name" : "expect",
    "value" : "'ログアウト'"
  }, {
    "name" : "password",
    "value" : "'daido002'"
  }, {
    "name" : "username",
    "value" : "'daido2'"
  } ],
  "links" : [ ],
  "hidden" : true,
  "retry" : true,
  "extra" : {
    "categories" : [ ],
    "tags" : [ "Test1" ]
  },
  "source" : "b82cc4b1a2491b35.json",
  "parameterValues" : [ "'ログアウト'", "'daido002'", "'daido2'" ]
}