{"name": "test_collaboration2[2-ITサービス]", "status": "failed", "statusDetails": {"message": "AssertionError: 断言成功\nassert '卸売業' == 'ITサービス'\n  - ITサービス\n  + 卸売業", "trace": "self = <TestCases.test_4_collaborationPageCase.TestCollaborationPage_2 object at 0x000002A202FAFB50>\nlogin = (<Page.PageObject.LoginPage.LoginPage object at 0x000002A202F2C5B0>, <Page.PageObject.HomePage.HomePage object at 0x00..._1 object at 0x000002A202F3D1F0>, <Page.PageObject.CollaborationPage.CollaborationPage_2 object at 0x000002A202F3D250>)\nvalue = '2', expect = 'ITサービス'\n\n    @pytest.mark.parametrize('value,expect', collaborationPage_data_select2)\n    def test_collaboration2(self, login, value, expect):\n        collaboration_page_1 = login[3]\n        # collaboration_page_1.click(collaboration_page_1.select1[0],collaboration_page_1.select1[1])\n        collaboration_page_1.select_option(collaboration_page_1.select2[1], value, \"index\")\n        actual_all = collaboration_page_1.get_element_text(collaboration_page_1.select2[0],\n                                                           collaboration_page_1.select2[1]).split('\\n')\n        actual = actual_all[int(value)].strip()\n>       assert actual == expect, \"断言成功\"\nE       AssertionError: 断言成功\nE       assert '卸売業' == 'ITサービス'\nE         - ITサービス\nE         + 卸売業\n\nTestCases\\test_4_collaborationPageCase.py:211: AssertionError"}, "steps": [{"name": "添加失败截图...", "status": "passed", "attachments": [{"name": "失败截图", "source": "9816674e-9f5a-4aff-adbe-724e4e21250e-attachment.png", "type": "image/png"}], "start": 1602040335188, "stop": 1602040335457}], "attachments": [{"name": "stdout", "source": "1a606e45-8589-4eef-ab16-fdc764367181-attachment.txt", "type": "text/plain"}], "parameters": [{"name": "value", "value": "'2'"}, {"name": "expect", "value": "'ITサービス'"}], "start": 1602040332797, "stop": 1602040334887, "uuid": "3ed73579-892a-4f11-a9cd-86af3f24c79a", "historyId": "d8892c4c32f098f5dadf502737fd2962", "testCaseId": "1406814fcc628caba04439eb07b9be10", "fullName": "TestCases.test_4_collaborationPageCase.TestCollaborationPage_2#test_collaboration2", "labels": [{"name": "tag", "value": "Test2"}, {"name": "parentSuite", "value": "TestCases"}, {"name": "suite", "value": "test_4_collaborationPageCase"}, {"name": "subSuite", "value": "TestCollaborationPage_2"}, {"name": "host", "value": "HPTSJ003"}, {"name": "thread", "value": "8544-MainThread"}, {"name": "framework", "value": "pytest"}, {"name": "language", "value": "cpython3"}, {"name": "package", "value": "TestCases.test_4_collaborationPageCase"}]}